d:\gpl\programming\particlesystem_soccersimulation\release\vc120.pdb
d:\computeranimation_svn\particlesystem2015\release\vc120.pdb
d:\computeranimation_svn\particlesystem2015\release\particlesystemmain.obj
d:\computeranimation_svn\particlesystem2015\release\render_api.obj
d:\computeranimation_svn\particlesystem2015\release\configfile.obj
d:\computeranimation_svn\particlesystem2015\release\cspring.obj
d:\computeranimation_svn\particlesystem2015\release\cparticle.obj
d:\computeranimation_svn\particlesystem2015\release\vector3d.obj
d:\computeranimation_svn\particlesystem2015\release\stdafx.obj
d:\computeranimation_svn\particlesystem2015\release\performancecounter.obj
d:\computeranimation_svn\particlesystem2015\release\ccamera.obj
d:\computeranimation_svn\particlesystem2015\release\cmassspringsystem.obj
d:\computeranimation_svn\particlesystem2015\release\cbmp.obj
d:\computeranimation_svn\particlesystem2015\release\goalnetmodel.obj
d:\computeranimation_svn\particlesystem2015\release\ballmodel.obj
d:\gpl\programming\particlesystem_soccersimulation\release\particlesystem.exe
d:\gpl\programming\particlesystem_soccersimulation\release\particlesystem.pdb
d:\computeranimation_svn\particlesystem2015\release\particlesystem.exe
d:\computeranimation_svn\particlesystem2015\release\particlesystem.pdb
d:\computeranimation_svn\particlesystem2015\release\cubemodel.obj
d:\computeranimation_svn\particlesystem2015\release\particlesystem.tlog\cl.command.1.tlog
d:\computeranimation_svn\particlesystem2015\release\particlesystem.tlog\cl.read.1.tlog
d:\computeranimation_svn\particlesystem2015\release\particlesystem.tlog\cl.write.1.tlog
d:\computeranimation_svn\particlesystem2015\release\particlesystem.tlog\link.command.1.tlog
d:\computeranimation_svn\particlesystem2015\release\particlesystem.tlog\link.read.1.tlog
d:\computeranimation_svn\particlesystem2015\release\particlesystem.tlog\link.write.1.tlog
